The system is: Windows - 10.0.22523 - AMD64
Compiling the C compiler identification source file "CMakeCCompilerId.c" succeeded.
Compiler: C:/Program Files/Microsoft Visual Studio/2022/Preview/VC/Tools/MSVC/14.31.30818/bin/Hostx86/x86/cl.exe 
Build flags: 
Id flags:  

The output was:
0
Microsoft (R) C/C++ Optimizing Compiler Version 19.31.30818 for x86
Copyright (C) Microsoft Corporation.  All rights reserved.

CMakeCCompilerId.c
Microsoft (R) Incremental Linker Version 14.31.30818.0
Copyright (C) Microsoft Corporation.  All rights reserved.

/out:CMakeCCompilerId.exe 
CMakeCCompilerId.obj 


Compilation of the C compiler identification source "CMakeCCompilerId.c" produced "CMakeCCompilerId.exe"

Compilation of the C compiler identification source "CMakeCCompilerId.c" produced "CMakeCCompilerId.obj"

The C compiler identification is MSVC, found in "D:/Vysoka_Skola/3.Semestr/PJC/Projekty/b211_bd6b36pjc/Semestral project/vypocet_determinantu/cmake-build-debug/CMakeFiles/3.21.1/CompilerIdC/CMakeCCompilerId.exe"

Compiling the CXX compiler identification source file "CMakeCXXCompilerId.cpp" succeeded.
Compiler: C:/Program Files/Microsoft Visual Studio/2022/Preview/VC/Tools/MSVC/14.31.30818/bin/Hostx86/x86/cl.exe 
Build flags: 
Id flags:  

The output was:
0
Microsoft (R) C/C++ Optimizing Compiler Version 19.31.30818 for x86
Copyright (C) Microsoft Corporation.  All rights reserved.

CMakeCXXCompilerId.cpp
Microsoft (R) Incremental Linker Version 14.31.30818.0
Copyright (C) Microsoft Corporation.  All rights reserved.

/out:CMakeCXXCompilerId.exe 
CMakeCXXCompilerId.obj 


Compilation of the CXX compiler identification source "CMakeCXXCompilerId.cpp" produced "CMakeCXXCompilerId.exe"

Compilation of the CXX compiler identification source "CMakeCXXCompilerId.cpp" produced "CMakeCXXCompilerId.obj"

The CXX compiler identification is MSVC, found in "D:/Vysoka_Skola/3.Semestr/PJC/Projekty/b211_bd6b36pjc/Semestral project/vypocet_determinantu/cmake-build-debug/CMakeFiles/3.21.1/CompilerIdCXX/CMakeCXXCompilerId.exe"

Detecting C compiler ABI info compiled with the following output:
Change Dir: D:/Vysoka_Skola/3.Semestr/PJC/Projekty/b211_bd6b36pjc/Semestral project/vypocet_determinantu/cmake-build-debug/CMakeFiles/CMakeTmp

Run Build Command(s):C:/Users/phuon/AppData/Local/JetBrains/Toolbox/apps/CLion/ch-0/213.6461.46/bin/ninja/win/ninja.exe cmTC_1c9ce && [1/2] Building C object CMakeFiles\cmTC_1c9ce.dir\CMakeCCompilerABI.c.obj
[2/2] Linking C executable cmTC_1c9ce.exe



Detecting CXX compiler ABI info compiled with the following output:
Change Dir: D:/Vysoka_Skola/3.Semestr/PJC/Projekty/b211_bd6b36pjc/Semestral project/vypocet_determinantu/cmake-build-debug/CMakeFiles/CMakeTmp

Run Build Command(s):C:/Users/phuon/AppData/Local/JetBrains/Toolbox/apps/CLion/ch-0/213.6461.46/bin/ninja/win/ninja.exe cmTC_06b30 && [1/2] Building CXX object CMakeFiles\cmTC_06b30.dir\CMakeCXXCompilerABI.cpp.obj
[2/2] Linking CXX executable cmTC_06b30.exe



