The system is: Windows - 10.0.22504 - AMD64
Compiling the CXX compiler identification source file "CMakeCXXCompilerId.cpp" succeeded.
Compiler:  
Build flags: 
Id flags:  

The output was:
0
Microsoft (R) Build Engine verze 17.0.0-preview-21453-03+74e9935a4 pro .NET Framework
Copyright (C) Microsoft Corporation. Všechna práva vyhrazena.

Vytváření sestavení bylo zahájeno 01.12.2021 11:36:23.
Projekt D:\Vysoka_Skola\3.Semestr\PJC\Projekty\b211_bd6b36pjc\Jednohubky\tiny-09\cmake-build-custom\CMakeFiles\3.21.1\CompilerIdCXX\CompilerIdCXX.vcxproj v uzlu 1 (výchozí cíle).
PrepareForBuild:
  Probíhá vytváření adresáře Debug\.
  Probíhá vytváření adresáře Debug\CompilerIdCXX.tlog\.
InitializeBuildStatus:
  Probíhá vytváření souboru Debug\CompilerIdCXX.tlog\unsuccessfulbuild v důsledku zadání AlwaysCreate.
ClCompile:
  C:\Program Files\Microsoft Visual Studio\2022\Preview\VC\Tools\MSVC\14.30.30528\bin\HostX64\x64\CL.exe /c /nologo /W0 /WX- /diagnostics:column /Od /D _MBCS /Gm- /EHsc /RTC1 /MDd /GS /fp:precise /Zc:wchar_t /Zc:forScope /Zc:inline /Fo"Debug\\" /Fd"Debug\vc142.pdb" /external:W0 /Gd /TP /FC /errorReport:queue CMakeCXXCompilerId.cpp
  CMakeCXXCompilerId.cpp
Link:
  C:\Program Files\Microsoft Visual Studio\2022\Preview\VC\Tools\MSVC\14.30.30528\bin\HostX64\x64\link.exe /ERRORREPORT:QUEUE /OUT:".\CompilerIdCXX.exe" /INCREMENTAL:NO /NOLOGO kernel32.lib user32.lib gdi32.lib winspool.lib comdlg32.lib advapi32.lib shell32.lib ole32.lib oleaut32.lib uuid.lib odbc32.lib odbccp32.lib /MANIFEST /MANIFESTUAC:"level='asInvoker' uiAccess='false'" /manifest:embed /PDB:".\CompilerIdCXX.pdb" /SUBSYSTEM:CONSOLE /TLBID:1 /DYNAMICBASE /NXCOMPAT /IMPLIB:".\CompilerIdCXX.lib" /MACHINE:X64 Debug\CMakeCXXCompilerId.obj
  CompilerIdCXX.vcxproj -> D:\Vysoka_Skola\3.Semestr\PJC\Projekty\b211_bd6b36pjc\Jednohubky\tiny-09\cmake-build-custom\CMakeFiles\3.21.1\CompilerIdCXX\CompilerIdCXX.exe
PostBuildEvent:
  for %%i in (cl.exe) do @echo CMAKE_CXX_COMPILER=%%~$PATH:i
  :VCEnd
  CMAKE_CXX_COMPILER=C:\Program Files\Microsoft Visual Studio\2022\Preview\VC\Tools\MSVC\14.30.30528\bin\Hostx64\x64\cl.exe
FinalizeBuildStatus:
  Probíhá odstraňování souboru Debug\CompilerIdCXX.tlog\unsuccessfulbuild.
  Probíhá aktualizace časového razítka pro Debug\CompilerIdCXX.tlog\CompilerIdCXX.lastbuildstate.
Sestavení projektu D:\Vysoka_Skola\3.Semestr\PJC\Projekty\b211_bd6b36pjc\Jednohubky\tiny-09\cmake-build-custom\CMakeFiles\3.21.1\CompilerIdCXX\CompilerIdCXX.vcxproj (s výchozími cíli) bylo dokončeno.

Vytváření sestavení bylo úspěšně dokončeno.
    0 upozornění
    Počet chyb: 0

Uplynulý čas 00:00:13.02


Compilation of the CXX compiler identification source "CMakeCXXCompilerId.cpp" produced "CompilerIdCXX.exe"

Compilation of the CXX compiler identification source "CMakeCXXCompilerId.cpp" produced "CompilerIdCXX.vcxproj"

The CXX compiler identification is MSVC, found in "D:/Vysoka_Skola/3.Semestr/PJC/Projekty/b211_bd6b36pjc/Jednohubky/tiny-09/cmake-build-custom/CMakeFiles/3.21.1/CompilerIdCXX/CompilerIdCXX.exe"

The system is: Windows - 10.0.22504 - AMD64
Compiling the CXX compiler identification source file "CMakeCXXCompilerId.cpp" succeeded.
Compiler:  
Build flags: 
Id flags:  

The output was:
0
Microsoft (R) Build Engine verze 17.0.0-preview-21453-03+74e9935a4 pro .NET Framework
Copyright (C) Microsoft Corporation. Všechna práva vyhrazena.

Vytváření sestavení bylo zahájeno 01.12.2021 11:38:07.
Projekt D:\Vysoka_Skola\3.Semestr\PJC\Projekty\b211_bd6b36pjc\Jednohubky\tiny-09\cmake-build-custom\CMakeFiles\3.21.1\CompilerIdCXX\CompilerIdCXX.vcxproj v uzlu 1 (výchozí cíle).
PrepareForBuild:
  Probíhá vytváření adresáře Debug\.
  Probíhá vytváření adresáře Debug\CompilerIdCXX.tlog\.
InitializeBuildStatus:
  Probíhá vytváření souboru Debug\CompilerIdCXX.tlog\unsuccessfulbuild v důsledku zadání AlwaysCreate.
ClCompile:
  C:\Program Files\Microsoft Visual Studio\2022\Preview\VC\Tools\MSVC\14.30.30528\bin\HostX64\x64\CL.exe /c /nologo /W0 /WX- /diagnostics:column /Od /D _MBCS /Gm- /EHsc /RTC1 /MDd /GS /fp:precise /Zc:wchar_t /Zc:forScope /Zc:inline /Fo"Debug\\" /Fd"Debug\vc142.pdb" /external:W0 /Gd /TP /FC /errorReport:queue CMakeCXXCompilerId.cpp
  CMakeCXXCompilerId.cpp
Link:
  C:\Program Files\Microsoft Visual Studio\2022\Preview\VC\Tools\MSVC\14.30.30528\bin\HostX64\x64\link.exe /ERRORREPORT:QUEUE /OUT:".\CompilerIdCXX.exe" /INCREMENTAL:NO /NOLOGO kernel32.lib user32.lib gdi32.lib winspool.lib comdlg32.lib advapi32.lib shell32.lib ole32.lib oleaut32.lib uuid.lib odbc32.lib odbccp32.lib /MANIFEST /MANIFESTUAC:"level='asInvoker' uiAccess='false'" /manifest:embed /PDB:".\CompilerIdCXX.pdb" /SUBSYSTEM:CONSOLE /TLBID:1 /DYNAMICBASE /NXCOMPAT /IMPLIB:".\CompilerIdCXX.lib" /MACHINE:X64 Debug\CMakeCXXCompilerId.obj
  CompilerIdCXX.vcxproj -> D:\Vysoka_Skola\3.Semestr\PJC\Projekty\b211_bd6b36pjc\Jednohubky\tiny-09\cmake-build-custom\CMakeFiles\3.21.1\CompilerIdCXX\CompilerIdCXX.exe
PostBuildEvent:
  for %%i in (cl.exe) do @echo CMAKE_CXX_COMPILER=%%~$PATH:i
  :VCEnd
  CMAKE_CXX_COMPILER=C:\Program Files\Microsoft Visual Studio\2022\Preview\VC\Tools\MSVC\14.30.30528\bin\Hostx64\x64\cl.exe
FinalizeBuildStatus:
  Probíhá odstraňování souboru Debug\CompilerIdCXX.tlog\unsuccessfulbuild.
  Probíhá aktualizace časového razítka pro Debug\CompilerIdCXX.tlog\CompilerIdCXX.lastbuildstate.
Sestavení projektu D:\Vysoka_Skola\3.Semestr\PJC\Projekty\b211_bd6b36pjc\Jednohubky\tiny-09\cmake-build-custom\CMakeFiles\3.21.1\CompilerIdCXX\CompilerIdCXX.vcxproj (s výchozími cíli) bylo dokončeno.

Vytváření sestavení bylo úspěšně dokončeno.
    0 upozornění
    Počet chyb: 0

Uplynulý čas 00:00:07.41


Compilation of the CXX compiler identification source "CMakeCXXCompilerId.cpp" produced "CompilerIdCXX.exe"

Compilation of the CXX compiler identification source "CMakeCXXCompilerId.cpp" produced "CompilerIdCXX.vcxproj"

The CXX compiler identification is MSVC, found in "D:/Vysoka_Skola/3.Semestr/PJC/Projekty/b211_bd6b36pjc/Jednohubky/tiny-09/cmake-build-custom/CMakeFiles/3.21.1/CompilerIdCXX/CompilerIdCXX.exe"

Detecting CXX compiler ABI info compiled with the following output:
Change Dir: D:/Vysoka_Skola/3.Semestr/PJC/Projekty/b211_bd6b36pjc/Jednohubky/tiny-09/cmake-build-custom/CMakeFiles/CMakeTmp

Run Build Command(s):C:/Program Files/Microsoft Visual Studio/2022/Preview/MSBuild/Current/Bin/amd64/MSBuild.exe cmTC_b6152.vcxproj /p:Configuration=Debug /p:Platform=x64 /p:VisualStudioVersion=17.0 /v:m && Microsoft (R) Build Engine verze 17.0.0-preview-21453-03+74e9935a4 pro .NET Framework
Copyright (C) Microsoft Corporation. Všechna práva vyhrazena.

  Microsoft (R) C/C++ Optimizing Compiler Version 19.30.30528 for x64
  Copyright (C) Microsoft Corporation.  All rights reserved.
  CMakeCXXCompilerABI.cpp
  cl /c /Zi /W3 /WX- /diagnostics:column /Od /Ob0 /D _MBCS /D WIN32 /D _WINDOWS /D "CMAKE_INTDIR=\"Debug\"" /Gm- /EHsc /RTC1 /MDd /GS /fp:precise /Zc:wchar_t /Zc:forScope /Zc:inline /GR /Fo"cmTC_b6152.dir\Debug\\" /Fd"cmTC_b6152.dir\Debug\vc142.pdb" /external:W3 /Gd /TP /errorReport:queue "C:\Users\phuon\AppData\Local\JetBrains\Toolbox\apps\CLion\ch-0\213.5744.123\bin\cmake\win\share\cmake-3.21\Modules\CMakeCXXCompilerABI.cpp"
  cmTC_b6152.vcxproj -> D:\Vysoka_Skola\3.Semestr\PJC\Projekty\b211_bd6b36pjc\Jednohubky\tiny-09\cmake-build-custom\CMakeFiles\CMakeTmp\Debug\cmTC_b6152.exe



